2020-06-12 09:35:56.733  INFO 46684 --- [main] o.i.m.batch.MailBatchApplicationStarter  : Starting MailBatchApplicationStarter on BLRKEC287992L with PID 46684 (started by samrat.basu01 in D:\samrat.basu01\D-Drive\eclipse workspace\notification-service)
2020-06-12 09:35:56.737  INFO 46684 --- [main] o.i.m.batch.MailBatchApplicationStarter  : The following profiles are active: nomailserver
2020-06-12 09:35:56.807  INFO 46684 --- [main] s.c.a.AnnotationConfigApplicationContext : Refreshing org.springframework.context.annotation.AnnotationConfigApplicationContext@e8809412: startup date [Fri Jun 12 09:35:56 IST 2020]; root of context hierarchy
2020-06-12 09:35:57.879  WARN 46684 --- [main] o.s.c.a.ConfigurationClassEnhancer       : @Bean method ScopeConfiguration.stepScope is non-static and returns an object assignable to Spring's BeanFactoryPostProcessor interface. This will result in a failure to process annotations such as @Autowired, @Resource and @PostConstruct within the method's declaring @Configuration class. Add the 'static' modifier to this method to avoid these container lifecycle issues; see @Bean javadoc for complete details.
2020-06-12 09:35:57.898  WARN 46684 --- [main] o.s.c.a.ConfigurationClassEnhancer       : @Bean method ScopeConfiguration.jobScope is non-static and returns an object assignable to Spring's BeanFactoryPostProcessor interface. This will result in a failure to process annotations such as @Autowired, @Resource and @PostConstruct within the method's declaring @Configuration class. Add the 'static' modifier to this method to avoid these container lifecycle issues; see @Bean javadoc for complete details.
2020-06-12 09:35:58.142  INFO 46684 --- [main] o.s.j.d.e.EmbeddedDatabaseFactory        : Starting embedded database: url='jdbc:hsqldb:mem:testdb', username='sa'
2020-06-12 09:35:59.033  WARN 46684 --- [main] s.c.a.AnnotationConfigApplicationContext : Exception encountered during context initialization - cancelling refresh attempt: org.springframework.beans.factory.BeanCreationException: Error creating bean with name 'processor': Injection of autowired dependencies failed; nested exception is org.springframework.beans.factory.BeanCreationException: Could not autowire field: private java.lang.String org.infy.mail.batch.EmployeeICountItemProcessor.notificationType; nested exception is java.lang.IllegalArgumentException: Could not resolve placeholder 'notificationType' in string value "${notificationType}"
2020-06-12 09:35:59.035  INFO 46684 --- [main] o.s.j.d.e.EmbeddedDatabaseFactory        : Shutting down embedded database: url='jdbc:hsqldb:mem:testdb'
2020-06-12 09:35:59.072 ERROR 46684 --- [main] o.s.boot.SpringApplication               : Application startup failed

org.springframework.beans.factory.BeanCreationException: Error creating bean with name 'processor': Injection of autowired dependencies failed; nested exception is org.springframework.beans.factory.BeanCreationException: Could not autowire field: private java.lang.String org.infy.mail.batch.EmployeeICountItemProcessor.notificationType; nested exception is java.lang.IllegalArgumentException: Could not resolve placeholder 'notificationType' in string value "${notificationType}"
	at org.springframework.beans.factory.annotation.AutowiredAnnotationBeanPostProcessor.postProcessPropertyValues(AutowiredAnnotationBeanPostProcessor.java:334) ~[spring-beans-4.2.5.RELEASE.jar:4.2.5.RELEASE]
	at org.springframework.beans.factory.support.AbstractAutowireCapableBeanFactory.populateBean(AbstractAutowireCapableBeanFactory.java:1214) ~[spring-beans-4.2.5.RELEASE.jar:4.2.5.RELEASE]
	at org.springframework.beans.factory.support.AbstractAutowireCapableBeanFactory.doCreateBean(AbstractAutowireCapableBeanFactory.java:543) ~[spring-beans-4.2.5.RELEASE.jar:4.2.5.RELEASE]
	at org.springframework.beans.factory.support.AbstractAutowireCapableBeanFactory.createBean(AbstractAutowireCapableBeanFactory.java:482) ~[spring-beans-4.2.5.RELEASE.jar:4.2.5.RELEASE]
	at org.springframework.beans.factory.support.AbstractBeanFactory$1.getObject(AbstractBeanFactory.java:306) ~[spring-beans-4.2.5.RELEASE.jar:4.2.5.RELEASE]
	at org.springframework.beans.factory.support.DefaultSingletonBeanRegistry.getSingleton(DefaultSingletonBeanRegistry.java:230) ~[spring-beans-4.2.5.RELEASE.jar:4.2.5.RELEASE]
	at org.springframework.beans.factory.support.AbstractBeanFactory.doGetBean(AbstractBeanFactory.java:302) ~[spring-beans-4.2.5.RELEASE.jar:4.2.5.RELEASE]
	at org.springframework.beans.factory.support.AbstractBeanFactory.getBean(AbstractBeanFactory.java:197) ~[spring-beans-4.2.5.RELEASE.jar:4.2.5.RELEASE]
	at org.springframework.beans.factory.support.DefaultListableBeanFactory.preInstantiateSingletons(DefaultListableBeanFactory.java:772) ~[spring-beans-4.2.5.RELEASE.jar:4.2.5.RELEASE]
	at org.springframework.context.support.AbstractApplicationContext.finishBeanFactoryInitialization(AbstractApplicationContext.java:839) ~[spring-context-4.2.5.RELEASE.jar:4.2.5.RELEASE]
	at org.springframework.context.support.AbstractApplicationContext.refresh(AbstractApplicationContext.java:538) ~[spring-context-4.2.5.RELEASE.jar:4.2.5.RELEASE]
	at org.springframework.boot.SpringApplication.refresh(SpringApplication.java:766) [spring-boot-1.3.3.RELEASE.jar:1.3.3.RELEASE]
	at org.springframework.boot.SpringApplication.createAndRefreshContext(SpringApplication.java:361) [spring-boot-1.3.3.RELEASE.jar:1.3.3.RELEASE]
	at org.springframework.boot.SpringApplication.run(SpringApplication.java:307) [spring-boot-1.3.3.RELEASE.jar:1.3.3.RELEASE]
	at org.springframework.boot.SpringApplication.run(SpringApplication.java:1191) [spring-boot-1.3.3.RELEASE.jar:1.3.3.RELEASE]
	at org.springframework.boot.SpringApplication.run(SpringApplication.java:1180) [spring-boot-1.3.3.RELEASE.jar:1.3.3.RELEASE]
	at org.infy.mail.batch.MailBatchApplicationStarter.main(MailBatchApplicationStarter.java:12) [classes/:na]
Caused by: org.springframework.beans.factory.BeanCreationException: Could not autowire field: private java.lang.String org.infy.mail.batch.EmployeeICountItemProcessor.notificationType; nested exception is java.lang.IllegalArgumentException: Could not resolve placeholder 'notificationType' in string value "${notificationType}"
	at org.springframework.beans.factory.annotation.AutowiredAnnotationBeanPostProcessor$AutowiredFieldElement.inject(AutowiredAnnotationBeanPostProcessor.java:573) ~[spring-beans-4.2.5.RELEASE.jar:4.2.5.RELEASE]
	at org.springframework.beans.factory.annotation.InjectionMetadata.inject(InjectionMetadata.java:88) ~[spring-beans-4.2.5.RELEASE.jar:4.2.5.RELEASE]
	at org.springframework.beans.factory.annotation.AutowiredAnnotationBeanPostProcessor.postProcessPropertyValues(AutowiredAnnotationBeanPostProcessor.java:331) ~[spring-beans-4.2.5.RELEASE.jar:4.2.5.RELEASE]
	... 16 common frames omitted
Caused by: java.lang.IllegalArgumentException: Could not resolve placeholder 'notificationType' in string value "${notificationType}"
	at org.springframework.util.PropertyPlaceholderHelper.parseStringValue(PropertyPlaceholderHelper.java:174) ~[spring-core-4.2.5.RELEASE.jar:4.2.5.RELEASE]
	at org.springframework.util.PropertyPlaceholderHelper.replacePlaceholders(PropertyPlaceholderHelper.java:126) ~[spring-core-4.2.5.RELEASE.jar:4.2.5.RELEASE]
	at org.springframework.core.env.AbstractPropertyResolver.doResolvePlaceholders(AbstractPropertyResolver.java:204) ~[spring-core-4.2.5.RELEASE.jar:4.2.5.RELEASE]
	at org.springframework.core.env.AbstractPropertyResolver.resolveRequiredPlaceholders(AbstractPropertyResolver.java:178) ~[spring-core-4.2.5.RELEASE.jar:4.2.5.RELEASE]
	at org.springframework.context.support.PropertySourcesPlaceholderConfigurer$2.resolveStringValue(PropertySourcesPlaceholderConfigurer.java:172) ~[spring-context-4.2.5.RELEASE.jar:4.2.5.RELEASE]
	at org.springframework.beans.factory.support.AbstractBeanFactory.resolveEmbeddedValue(AbstractBeanFactory.java:808) ~[spring-beans-4.2.5.RELEASE.jar:4.2.5.RELEASE]
	at org.springframework.beans.factory.support.DefaultListableBeanFactory.doResolveDependency(DefaultListableBeanFactory.java:1027) ~[spring-beans-4.2.5.RELEASE.jar:4.2.5.RELEASE]
	at org.springframework.beans.factory.support.DefaultListableBeanFactory.resolveDependency(DefaultListableBeanFactory.java:1014) ~[spring-beans-4.2.5.RELEASE.jar:4.2.5.RELEASE]
	at org.springframework.beans.factory.annotation.AutowiredAnnotationBeanPostProcessor$AutowiredFieldElement.inject(AutowiredAnnotationBeanPostProcessor.java:545) ~[spring-beans-4.2.5.RELEASE.jar:4.2.5.RELEASE]
	... 18 common frames omitted

2020-06-12 09:35:59.083  INFO 46684 --- [main] .b.l.ClasspathLoggingApplicationListener : Application failed to start with classpath: [file:/D:/samrat.basu01/D-Drive/eclipse%20workspace/notification-service/target/classes/, file:/C:/Users/samrat.basu01/.m2/repository/org/springframework/boot/spring-boot-starter-batch/1.3.3.RELEASE/spring-boot-starter-batch-1.3.3.RELEASE.jar, file:/C:/Users/samrat.basu01/.m2/repository/org/springframework/boot/spring-boot-starter/1.3.3.RELEASE/spring-boot-starter-1.3.3.RELEASE.jar, file:/C:/Users/samrat.basu01/.m2/repository/org/springframework/boot/spring-boot/1.3.3.RELEASE/spring-boot-1.3.3.RELEASE.jar, file:/C:/Users/samrat.basu01/.m2/repository/org/springframework/boot/spring-boot-autoconfigure/1.3.3.RELEASE/spring-boot-autoconfigure-1.3.3.RELEASE.jar, file:/C:/Users/samrat.basu01/.m2/repository/org/springframework/boot/spring-boot-starter-logging/1.3.3.RELEASE/spring-boot-starter-logging-1.3.3.RELEASE.jar, file:/C:/Users/samrat.basu01/.m2/repository/ch/qos/logback/logback-classic/1.1.5/logback-classic-1.1.5.jar, file:/C:/Users/samrat.basu01/.m2/repository/ch/qos/logback/logback-core/1.1.5/logback-core-1.1.5.jar, file:/C:/Users/samrat.basu01/.m2/repository/org/slf4j/slf4j-api/1.7.16/slf4j-api-1.7.16.jar, file:/C:/Users/samrat.basu01/.m2/repository/org/slf4j/jcl-over-slf4j/1.7.16/jcl-over-slf4j-1.7.16.jar, file:/C:/Users/samrat.basu01/.m2/repository/org/slf4j/jul-to-slf4j/1.7.16/jul-to-slf4j-1.7.16.jar, file:/C:/Users/samrat.basu01/.m2/repository/org/slf4j/log4j-over-slf4j/1.7.16/log4j-over-slf4j-1.7.16.jar, file:/C:/Users/samrat.basu01/.m2/repository/org/yaml/snakeyaml/1.16/snakeyaml-1.16.jar, file:/C:/Users/samrat.basu01/.m2/repository/org/hsqldb/hsqldb/2.3.3/hsqldb-2.3.3.jar, file:/C:/Users/samrat.basu01/.m2/repository/org/springframework/spring-jdbc/4.2.5.RELEASE/spring-jdbc-4.2.5.RELEASE.jar, file:/C:/Users/samrat.basu01/.m2/repository/org/springframework/spring-beans/4.2.5.RELEASE/spring-beans-4.2.5.RELEASE.jar, file:/C:/Users/samrat.basu01/.m2/repository/org/springframework/spring-tx/4.2.5.RELEASE/spring-tx-4.2.5.RELEASE.jar, file:/C:/Users/samrat.basu01/.m2/repository/org/springframework/batch/spring-batch-core/3.0.6.RELEASE/spring-batch-core-3.0.6.RELEASE.jar, file:/C:/Users/samrat.basu01/.m2/repository/com/ibm/jbatch/com.ibm.jbatch-tck-spi/1.0/com.ibm.jbatch-tck-spi-1.0.jar, file:/C:/Users/samrat.basu01/.m2/repository/javax/batch/javax.batch-api/1.0/javax.batch-api-1.0.jar, file:/C:/Users/samrat.basu01/.m2/repository/com/thoughtworks/xstream/xstream/1.4.7/xstream-1.4.7.jar, file:/C:/Users/samrat.basu01/.m2/repository/xmlpull/xmlpull/1.1.3.1/xmlpull-1.1.3.1.jar, file:/C:/Users/samrat.basu01/.m2/repository/xpp3/xpp3_min/1.1.4c/xpp3_min-1.1.4c.jar, file:/C:/Users/samrat.basu01/.m2/repository/org/codehaus/jettison/jettison/1.2/jettison-1.2.jar, file:/C:/Users/samrat.basu01/.m2/repository/org/springframework/batch/spring-batch-infrastructure/3.0.6.RELEASE/spring-batch-infrastructure-3.0.6.RELEASE.jar, file:/C:/Users/samrat.basu01/.m2/repository/org/springframework/retry/spring-retry/1.1.2.RELEASE/spring-retry-1.1.2.RELEASE.jar, file:/C:/Users/samrat.basu01/.m2/repository/org/springframework/spring-aop/4.2.5.RELEASE/spring-aop-4.2.5.RELEASE.jar, file:/C:/Users/samrat.basu01/.m2/repository/aopalliance/aopalliance/1.0/aopalliance-1.0.jar, file:/C:/Users/samrat.basu01/.m2/repository/org/springframework/boot/spring-boot-starter-mail/1.3.3.RELEASE/spring-boot-starter-mail-1.3.3.RELEASE.jar, file:/C:/Users/samrat.basu01/.m2/repository/org/springframework/spring-context/4.2.5.RELEASE/spring-context-4.2.5.RELEASE.jar, file:/C:/Users/samrat.basu01/.m2/repository/org/springframework/spring-expression/4.2.5.RELEASE/spring-expression-4.2.5.RELEASE.jar, file:/C:/Users/samrat.basu01/.m2/repository/org/springframework/spring-context-support/4.2.5.RELEASE/spring-context-support-4.2.5.RELEASE.jar, file:/C:/Users/samrat.basu01/.m2/repository/com/sun/mail/javax.mail/1.5.5/javax.mail-1.5.5.jar, file:/C:/Users/samrat.basu01/.m2/repository/javax/activation/activation/1.1/activation-1.1.jar, file:/C:/Users/samrat.basu01/.m2/repository/org/springframework/spring-core/4.2.5.RELEASE/spring-core-4.2.5.RELEASE.jar, file:/C:/Users/samrat.basu01/.m2/repository/org/apache/velocity/velocity/1.7/velocity-1.7.jar, file:/C:/Users/samrat.basu01/.m2/repository/commons-collections/commons-collections/3.2.2/commons-collections-3.2.2.jar, file:/C:/Users/samrat.basu01/.m2/repository/commons-lang/commons-lang/2.4/commons-lang-2.4.jar, file:/C:/Users/samrat.basu01/.m2/repository/org/scala-lang/scala-library/2.11.0/scala-library-2.11.0.jar]
2020-06-12 09:43:48.487  INFO 85060 --- [main] o.i.m.batch.MailBatchApplicationStarter  : Starting MailBatchApplicationStarter on BLRKEC287992L with PID 85060 (started by samrat.basu01 in D:\samrat.basu01\D-Drive\eclipse workspace\notification-service)
2020-06-12 09:43:48.492  INFO 85060 --- [main] o.i.m.batch.MailBatchApplicationStarter  : The following profiles are active: nomailserver
2020-06-12 09:43:48.568  INFO 85060 --- [main] s.c.a.AnnotationConfigApplicationContext : Refreshing org.springframework.context.annotation.AnnotationConfigApplicationContext@4c867dcc: startup date [Fri Jun 12 09:43:48 IST 2020]; root of context hierarchy
2020-06-12 09:43:49.467  WARN 85060 --- [main] o.s.c.a.ConfigurationClassEnhancer       : @Bean method ScopeConfiguration.stepScope is non-static and returns an object assignable to Spring's BeanFactoryPostProcessor interface. This will result in a failure to process annotations such as @Autowired, @Resource and @PostConstruct within the method's declaring @Configuration class. Add the 'static' modifier to this method to avoid these container lifecycle issues; see @Bean javadoc for complete details.
2020-06-12 09:43:49.482  WARN 85060 --- [main] o.s.c.a.ConfigurationClassEnhancer       : @Bean method ScopeConfiguration.jobScope is non-static and returns an object assignable to Spring's BeanFactoryPostProcessor interface. This will result in a failure to process annotations such as @Autowired, @Resource and @PostConstruct within the method's declaring @Configuration class. Add the 'static' modifier to this method to avoid these container lifecycle issues; see @Bean javadoc for complete details.
2020-06-12 09:43:49.692  INFO 85060 --- [main] o.s.j.d.e.EmbeddedDatabaseFactory        : Starting embedded database: url='jdbc:hsqldb:mem:testdb', username='sa'
2020-06-12 09:43:50.361  WARN 85060 --- [main] s.c.a.AnnotationConfigApplicationContext : Exception encountered during context initialization - cancelling refresh attempt: org.springframework.beans.factory.BeanCreationException: Error creating bean with name 'processor': Injection of autowired dependencies failed; nested exception is org.springframework.beans.factory.BeanCreationException: Could not autowire field: private java.lang.String org.infy.mail.batch.EmployeeICountItemProcessor.notificationType; nested exception is java.lang.IllegalArgumentException: Could not resolve placeholder 'notificationType' in string value "${notificationType}"
2020-06-12 09:43:50.363  INFO 85060 --- [main] o.s.j.d.e.EmbeddedDatabaseFactory        : Shutting down embedded database: url='jdbc:hsqldb:mem:testdb'
2020-06-12 09:43:50.384 ERROR 85060 --- [main] o.s.boot.SpringApplication               : Application startup failed

org.springframework.beans.factory.BeanCreationException: Error creating bean with name 'processor': Injection of autowired dependencies failed; nested exception is org.springframework.beans.factory.BeanCreationException: Could not autowire field: private java.lang.String org.infy.mail.batch.EmployeeICountItemProcessor.notificationType; nested exception is java.lang.IllegalArgumentException: Could not resolve placeholder 'notificationType' in string value "${notificationType}"
	at org.springframework.beans.factory.annotation.AutowiredAnnotationBeanPostProcessor.postProcessPropertyValues(AutowiredAnnotationBeanPostProcessor.java:334) ~[spring-beans-4.2.5.RELEASE.jar:4.2.5.RELEASE]
	at org.springframework.beans.factory.support.AbstractAutowireCapableBeanFactory.populateBean(AbstractAutowireCapableBeanFactory.java:1214) ~[spring-beans-4.2.5.RELEASE.jar:4.2.5.RELEASE]
	at org.springframework.beans.factory.support.AbstractAutowireCapableBeanFactory.doCreateBean(AbstractAutowireCapableBeanFactory.java:543) ~[spring-beans-4.2.5.RELEASE.jar:4.2.5.RELEASE]
	at org.springframework.beans.factory.support.AbstractAutowireCapableBeanFactory.createBean(AbstractAutowireCapableBeanFactory.java:482) ~[spring-beans-4.2.5.RELEASE.jar:4.2.5.RELEASE]
	at org.springframework.beans.factory.support.AbstractBeanFactory$1.getObject(AbstractBeanFactory.java:306) ~[spring-beans-4.2.5.RELEASE.jar:4.2.5.RELEASE]
	at org.springframework.beans.factory.support.DefaultSingletonBeanRegistry.getSingleton(DefaultSingletonBeanRegistry.java:230) ~[spring-beans-4.2.5.RELEASE.jar:4.2.5.RELEASE]
	at org.springframework.beans.factory.support.AbstractBeanFactory.doGetBean(AbstractBeanFactory.java:302) ~[spring-beans-4.2.5.RELEASE.jar:4.2.5.RELEASE]
	at org.springframework.beans.factory.support.AbstractBeanFactory.getBean(AbstractBeanFactory.java:197) ~[spring-beans-4.2.5.RELEASE.jar:4.2.5.RELEASE]
	at org.springframework.beans.factory.support.DefaultListableBeanFactory.preInstantiateSingletons(DefaultListableBeanFactory.java:772) ~[spring-beans-4.2.5.RELEASE.jar:4.2.5.RELEASE]
	at org.springframework.context.support.AbstractApplicationContext.finishBeanFactoryInitialization(AbstractApplicationContext.java:839) ~[spring-context-4.2.5.RELEASE.jar:4.2.5.RELEASE]
	at org.springframework.context.support.AbstractApplicationContext.refresh(AbstractApplicationContext.java:538) ~[spring-context-4.2.5.RELEASE.jar:4.2.5.RELEASE]
	at org.springframework.boot.SpringApplication.refresh(SpringApplication.java:766) [spring-boot-1.3.3.RELEASE.jar:1.3.3.RELEASE]
	at org.springframework.boot.SpringApplication.createAndRefreshContext(SpringApplication.java:361) [spring-boot-1.3.3.RELEASE.jar:1.3.3.RELEASE]
	at org.springframework.boot.SpringApplication.run(SpringApplication.java:307) [spring-boot-1.3.3.RELEASE.jar:1.3.3.RELEASE]
	at org.springframework.boot.SpringApplication.run(SpringApplication.java:1191) [spring-boot-1.3.3.RELEASE.jar:1.3.3.RELEASE]
	at org.springframework.boot.SpringApplication.run(SpringApplication.java:1180) [spring-boot-1.3.3.RELEASE.jar:1.3.3.RELEASE]
	at org.infy.mail.batch.MailBatchApplicationStarter.main(MailBatchApplicationStarter.java:14) [classes/:na]
Caused by: org.springframework.beans.factory.BeanCreationException: Could not autowire field: private java.lang.String org.infy.mail.batch.EmployeeICountItemProcessor.notificationType; nested exception is java.lang.IllegalArgumentException: Could not resolve placeholder 'notificationType' in string value "${notificationType}"
	at org.springframework.beans.factory.annotation.AutowiredAnnotationBeanPostProcessor$AutowiredFieldElement.inject(AutowiredAnnotationBeanPostProcessor.java:573) ~[spring-beans-4.2.5.RELEASE.jar:4.2.5.RELEASE]
	at org.springframework.beans.factory.annotation.InjectionMetadata.inject(InjectionMetadata.java:88) ~[spring-beans-4.2.5.RELEASE.jar:4.2.5.RELEASE]
	at org.springframework.beans.factory.annotation.AutowiredAnnotationBeanPostProcessor.postProcessPropertyValues(AutowiredAnnotationBeanPostProcessor.java:331) ~[spring-beans-4.2.5.RELEASE.jar:4.2.5.RELEASE]
	... 16 common frames omitted
Caused by: java.lang.IllegalArgumentException: Could not resolve placeholder 'notificationType' in string value "${notificationType}"
	at org.springframework.util.PropertyPlaceholderHelper.parseStringValue(PropertyPlaceholderHelper.java:174) ~[spring-core-4.2.5.RELEASE.jar:4.2.5.RELEASE]
	at org.springframework.util.PropertyPlaceholderHelper.replacePlaceholders(PropertyPlaceholderHelper.java:126) ~[spring-core-4.2.5.RELEASE.jar:4.2.5.RELEASE]
	at org.springframework.core.env.AbstractPropertyResolver.doResolvePlaceholders(AbstractPropertyResolver.java:204) ~[spring-core-4.2.5.RELEASE.jar:4.2.5.RELEASE]
	at org.springframework.core.env.AbstractPropertyResolver.resolveRequiredPlaceholders(AbstractPropertyResolver.java:178) ~[spring-core-4.2.5.RELEASE.jar:4.2.5.RELEASE]
	at org.springframework.context.support.PropertySourcesPlaceholderConfigurer$2.resolveStringValue(PropertySourcesPlaceholderConfigurer.java:172) ~[spring-context-4.2.5.RELEASE.jar:4.2.5.RELEASE]
	at org.springframework.beans.factory.support.AbstractBeanFactory.resolveEmbeddedValue(AbstractBeanFactory.java:808) ~[spring-beans-4.2.5.RELEASE.jar:4.2.5.RELEASE]
	at org.springframework.beans.factory.support.DefaultListableBeanFactory.doResolveDependency(DefaultListableBeanFactory.java:1027) ~[spring-beans-4.2.5.RELEASE.jar:4.2.5.RELEASE]
	at org.springframework.beans.factory.support.DefaultListableBeanFactory.resolveDependency(DefaultListableBeanFactory.java:1014) ~[spring-beans-4.2.5.RELEASE.jar:4.2.5.RELEASE]
	at org.springframework.beans.factory.annotation.AutowiredAnnotationBeanPostProcessor$AutowiredFieldElement.inject(AutowiredAnnotationBeanPostProcessor.java:545) ~[spring-beans-4.2.5.RELEASE.jar:4.2.5.RELEASE]
	... 18 common frames omitted

2020-06-12 09:43:50.390  INFO 85060 --- [main] .b.l.ClasspathLoggingApplicationListener : Application failed to start with classpath: [file:/D:/samrat.basu01/D-Drive/eclipse%20workspace/notification-service/target/classes/, file:/C:/Users/samrat.basu01/.m2/repository/org/springframework/boot/spring-boot-starter-batch/1.3.3.RELEASE/spring-boot-starter-batch-1.3.3.RELEASE.jar, file:/C:/Users/samrat.basu01/.m2/repository/org/springframework/boot/spring-boot-starter/1.3.3.RELEASE/spring-boot-starter-1.3.3.RELEASE.jar, file:/C:/Users/samrat.basu01/.m2/repository/org/springframework/boot/spring-boot/1.3.3.RELEASE/spring-boot-1.3.3.RELEASE.jar, file:/C:/Users/samrat.basu01/.m2/repository/org/springframework/boot/spring-boot-autoconfigure/1.3.3.RELEASE/spring-boot-autoconfigure-1.3.3.RELEASE.jar, file:/C:/Users/samrat.basu01/.m2/repository/org/springframework/boot/spring-boot-starter-logging/1.3.3.RELEASE/spring-boot-starter-logging-1.3.3.RELEASE.jar, file:/C:/Users/samrat.basu01/.m2/repository/ch/qos/logback/logback-classic/1.1.5/logback-classic-1.1.5.jar, file:/C:/Users/samrat.basu01/.m2/repository/ch/qos/logback/logback-core/1.1.5/logback-core-1.1.5.jar, file:/C:/Users/samrat.basu01/.m2/repository/org/slf4j/slf4j-api/1.7.16/slf4j-api-1.7.16.jar, file:/C:/Users/samrat.basu01/.m2/repository/org/slf4j/jcl-over-slf4j/1.7.16/jcl-over-slf4j-1.7.16.jar, file:/C:/Users/samrat.basu01/.m2/repository/org/slf4j/jul-to-slf4j/1.7.16/jul-to-slf4j-1.7.16.jar, file:/C:/Users/samrat.basu01/.m2/repository/org/slf4j/log4j-over-slf4j/1.7.16/log4j-over-slf4j-1.7.16.jar, file:/C:/Users/samrat.basu01/.m2/repository/org/yaml/snakeyaml/1.16/snakeyaml-1.16.jar, file:/C:/Users/samrat.basu01/.m2/repository/org/hsqldb/hsqldb/2.3.3/hsqldb-2.3.3.jar, file:/C:/Users/samrat.basu01/.m2/repository/org/springframework/spring-jdbc/4.2.5.RELEASE/spring-jdbc-4.2.5.RELEASE.jar, file:/C:/Users/samrat.basu01/.m2/repository/org/springframework/spring-beans/4.2.5.RELEASE/spring-beans-4.2.5.RELEASE.jar, file:/C:/Users/samrat.basu01/.m2/repository/org/springframework/spring-tx/4.2.5.RELEASE/spring-tx-4.2.5.RELEASE.jar, file:/C:/Users/samrat.basu01/.m2/repository/org/springframework/batch/spring-batch-core/3.0.6.RELEASE/spring-batch-core-3.0.6.RELEASE.jar, file:/C:/Users/samrat.basu01/.m2/repository/com/ibm/jbatch/com.ibm.jbatch-tck-spi/1.0/com.ibm.jbatch-tck-spi-1.0.jar, file:/C:/Users/samrat.basu01/.m2/repository/javax/batch/javax.batch-api/1.0/javax.batch-api-1.0.jar, file:/C:/Users/samrat.basu01/.m2/repository/com/thoughtworks/xstream/xstream/1.4.7/xstream-1.4.7.jar, file:/C:/Users/samrat.basu01/.m2/repository/xmlpull/xmlpull/1.1.3.1/xmlpull-1.1.3.1.jar, file:/C:/Users/samrat.basu01/.m2/repository/xpp3/xpp3_min/1.1.4c/xpp3_min-1.1.4c.jar, file:/C:/Users/samrat.basu01/.m2/repository/org/codehaus/jettison/jettison/1.2/jettison-1.2.jar, file:/C:/Users/samrat.basu01/.m2/repository/org/springframework/batch/spring-batch-infrastructure/3.0.6.RELEASE/spring-batch-infrastructure-3.0.6.RELEASE.jar, file:/C:/Users/samrat.basu01/.m2/repository/org/springframework/retry/spring-retry/1.1.2.RELEASE/spring-retry-1.1.2.RELEASE.jar, file:/C:/Users/samrat.basu01/.m2/repository/org/springframework/spring-aop/4.2.5.RELEASE/spring-aop-4.2.5.RELEASE.jar, file:/C:/Users/samrat.basu01/.m2/repository/aopalliance/aopalliance/1.0/aopalliance-1.0.jar, file:/C:/Users/samrat.basu01/.m2/repository/org/springframework/boot/spring-boot-starter-mail/1.3.3.RELEASE/spring-boot-starter-mail-1.3.3.RELEASE.jar, file:/C:/Users/samrat.basu01/.m2/repository/org/springframework/spring-context/4.2.5.RELEASE/spring-context-4.2.5.RELEASE.jar, file:/C:/Users/samrat.basu01/.m2/repository/org/springframework/spring-expression/4.2.5.RELEASE/spring-expression-4.2.5.RELEASE.jar, file:/C:/Users/samrat.basu01/.m2/repository/org/springframework/spring-context-support/4.2.5.RELEASE/spring-context-support-4.2.5.RELEASE.jar, file:/C:/Users/samrat.basu01/.m2/repository/com/sun/mail/javax.mail/1.5.5/javax.mail-1.5.5.jar, file:/C:/Users/samrat.basu01/.m2/repository/javax/activation/activation/1.1/activation-1.1.jar, file:/C:/Users/samrat.basu01/.m2/repository/org/springframework/spring-core/4.2.5.RELEASE/spring-core-4.2.5.RELEASE.jar, file:/C:/Users/samrat.basu01/.m2/repository/org/apache/velocity/velocity/1.7/velocity-1.7.jar, file:/C:/Users/samrat.basu01/.m2/repository/commons-collections/commons-collections/3.2.2/commons-collections-3.2.2.jar, file:/C:/Users/samrat.basu01/.m2/repository/commons-lang/commons-lang/2.4/commons-lang-2.4.jar, file:/C:/Users/samrat.basu01/.m2/repository/org/scala-lang/scala-library/2.11.0/scala-library-2.11.0.jar]
2020-06-12 09:45:04.095  INFO 10476 --- [main] o.i.m.batch.MailBatchApplicationStarter  : Starting MailBatchApplicationStarter on BLRKEC287992L with PID 10476 (started by samrat.basu01 in D:\samrat.basu01\D-Drive\eclipse workspace\notification-service)
2020-06-12 09:45:04.098  INFO 10476 --- [main] o.i.m.batch.MailBatchApplicationStarter  : The following profiles are active: nomailserver
2020-06-12 09:45:04.164  INFO 10476 --- [main] s.c.a.AnnotationConfigApplicationContext : Refreshing org.springframework.context.annotation.AnnotationConfigApplicationContext@1ab82504: startup date [Fri Jun 12 09:45:04 IST 2020]; root of context hierarchy
2020-06-12 09:45:05.059  WARN 10476 --- [main] o.s.c.a.ConfigurationClassEnhancer       : @Bean method ScopeConfiguration.stepScope is non-static and returns an object assignable to Spring's BeanFactoryPostProcessor interface. This will result in a failure to process annotations such as @Autowired, @Resource and @PostConstruct within the method's declaring @Configuration class. Add the 'static' modifier to this method to avoid these container lifecycle issues; see @Bean javadoc for complete details.
2020-06-12 09:45:05.075  WARN 10476 --- [main] o.s.c.a.ConfigurationClassEnhancer       : @Bean method ScopeConfiguration.jobScope is non-static and returns an object assignable to Spring's BeanFactoryPostProcessor interface. This will result in a failure to process annotations such as @Autowired, @Resource and @PostConstruct within the method's declaring @Configuration class. Add the 'static' modifier to this method to avoid these container lifecycle issues; see @Bean javadoc for complete details.
2020-06-12 09:45:05.271  INFO 10476 --- [main] o.s.j.d.e.EmbeddedDatabaseFactory        : Starting embedded database: url='jdbc:hsqldb:mem:testdb', username='sa'
2020-06-12 09:45:06.368  INFO 10476 --- [main] o.s.jdbc.datasource.init.ScriptUtils     : Executing SQL script from class path resource [org/springframework/batch/core/schema-hsqldb.sql]
2020-06-12 09:45:06.379  INFO 10476 --- [main] o.s.jdbc.datasource.init.ScriptUtils     : Executed SQL script from class path resource [org/springframework/batch/core/schema-hsqldb.sql] in 11 ms.
2020-06-12 09:45:10.164  INFO 10476 --- [main] o.s.j.e.a.AnnotationMBeanExporter        : Registering beans for JMX exposure on startup
2020-06-12 09:45:10.205  INFO 10476 --- [main] o.s.b.a.b.JobLauncherCommandLineRunner   : Running default command line with: []
2020-06-12 09:45:10.263  INFO 10476 --- [main] o.s.b.c.r.s.JobRepositoryFactoryBean     : No database type set, using meta data indicating: HSQL
2020-06-12 09:45:10.752  INFO 10476 --- [main] o.s.b.c.l.support.SimpleJobLauncher      : No TaskExecutor has been set, defaulting to synchronous executor.
2020-06-12 09:45:10.925  INFO 10476 --- [main] o.s.b.c.l.support.SimpleJobLauncher      : Job: [FlowJob: [name=importUserJob]] launched with the following parameters: [{run.id=1}]
2020-06-12 09:45:15.414  INFO 10476 --- [main] o.s.batch.core.job.SimpleStepHandler     : Executing step: [step1]
2020-06-12 09:45:15.486 ERROR 10476 --- [main] o.s.batch.core.step.AbstractStep         : Encountered an error executing step step1 in job importUserJob

org.springframework.batch.item.file.FlatFileParseException: Parsing error at line: 3 in resource=[file [D:\samrat.basu01\D-Drive\eclipse workspace\notification-service\data.csv]], input=[]
	at org.springframework.batch.item.file.FlatFileItemReader.doRead(FlatFileItemReader.java:183) ~[spring-batch-infrastructure-3.0.6.RELEASE.jar:3.0.6.RELEASE]
	at org.springframework.batch.item.support.AbstractItemCountingItemStreamItemReader.read(AbstractItemCountingItemStreamItemReader.java:88) ~[spring-batch-infrastructure-3.0.6.RELEASE.jar:3.0.6.RELEASE]
	at org.springframework.batch.core.step.item.SimpleChunkProvider.doRead(SimpleChunkProvider.java:91) ~[spring-batch-core-3.0.6.RELEASE.jar:3.0.6.RELEASE]
	at org.springframework.batch.core.step.item.SimpleChunkProvider.read(SimpleChunkProvider.java:157) ~[spring-batch-core-3.0.6.RELEASE.jar:3.0.6.RELEASE]
	at org.springframework.batch.core.step.item.SimpleChunkProvider$1.doInIteration(SimpleChunkProvider.java:116) ~[spring-batch-core-3.0.6.RELEASE.jar:3.0.6.RELEASE]
	at org.springframework.batch.repeat.support.RepeatTemplate.getNextResult(RepeatTemplate.java:374) ~[spring-batch-infrastructure-3.0.6.RELEASE.jar:3.0.6.RELEASE]
	at org.springframework.batch.repeat.support.RepeatTemplate.executeInternal(RepeatTemplate.java:215) ~[spring-batch-infrastructure-3.0.6.RELEASE.jar:3.0.6.RELEASE]
	at org.springframework.batch.repeat.support.RepeatTemplate.iterate(RepeatTemplate.java:144) ~[spring-batch-infrastructure-3.0.6.RELEASE.jar:3.0.6.RELEASE]
	at org.springframework.batch.core.step.item.SimpleChunkProvider.provide(SimpleChunkProvider.java:110) ~[spring-batch-core-3.0.6.RELEASE.jar:3.0.6.RELEASE]
	at org.springframework.batch.core.step.item.ChunkOrientedTasklet.execute(ChunkOrientedTasklet.java:69) ~[spring-batch-core-3.0.6.RELEASE.jar:3.0.6.RELEASE]
	at org.springframework.batch.core.step.tasklet.TaskletStep$ChunkTransactionCallback.doInTransaction(TaskletStep.java:406) ~[spring-batch-core-3.0.6.RELEASE.jar:3.0.6.RELEASE]
	at org.springframework.batch.core.step.tasklet.TaskletStep$ChunkTransactionCallback.doInTransaction(TaskletStep.java:330) ~[spring-batch-core-3.0.6.RELEASE.jar:3.0.6.RELEASE]
	at org.springframework.transaction.support.TransactionTemplate.execute(TransactionTemplate.java:133) ~[spring-tx-4.2.5.RELEASE.jar:4.2.5.RELEASE]
	at org.springframework.batch.core.step.tasklet.TaskletStep$2.doInChunkContext(TaskletStep.java:271) ~[spring-batch-core-3.0.6.RELEASE.jar:3.0.6.RELEASE]
	at org.springframework.batch.core.scope.context.StepContextRepeatCallback.doInIteration(StepContextRepeatCallback.java:81) ~[spring-batch-core-3.0.6.RELEASE.jar:3.0.6.RELEASE]
	at org.springframework.batch.repeat.support.RepeatTemplate.getNextResult(RepeatTemplate.java:374) ~[spring-batch-infrastructure-3.0.6.RELEASE.jar:3.0.6.RELEASE]
	at org.springframework.batch.repeat.support.RepeatTemplate.executeInternal(RepeatTemplate.java:215) ~[spring-batch-infrastructure-3.0.6.RELEASE.jar:3.0.6.RELEASE]
	at org.springframework.batch.repeat.support.RepeatTemplate.iterate(RepeatTemplate.java:144) ~[spring-batch-infrastructure-3.0.6.RELEASE.jar:3.0.6.RELEASE]
	at org.springframework.batch.core.step.tasklet.TaskletStep.doExecute(TaskletStep.java:257) ~[spring-batch-core-3.0.6.RELEASE.jar:3.0.6.RELEASE]
	at org.springframework.batch.core.step.AbstractStep.execute(AbstractStep.java:200) ~[spring-batch-core-3.0.6.RELEASE.jar:3.0.6.RELEASE]
	at org.springframework.batch.core.job.SimpleStepHandler.handleStep(SimpleStepHandler.java:148) [spring-batch-core-3.0.6.RELEASE.jar:3.0.6.RELEASE]
	at org.springframework.batch.core.job.flow.JobFlowExecutor.executeStep(JobFlowExecutor.java:64) [spring-batch-core-3.0.6.RELEASE.jar:3.0.6.RELEASE]
	at org.springframework.batch.core.job.flow.support.state.StepState.handle(StepState.java:67) [spring-batch-core-3.0.6.RELEASE.jar:3.0.6.RELEASE]
	at org.springframework.batch.core.job.flow.support.SimpleFlow.resume(SimpleFlow.java:169) [spring-batch-core-3.0.6.RELEASE.jar:3.0.6.RELEASE]
	at org.springframework.batch.core.job.flow.support.SimpleFlow.start(SimpleFlow.java:144) [spring-batch-core-3.0.6.RELEASE.jar:3.0.6.RELEASE]
	at org.springframework.batch.core.job.flow.FlowJob.doExecute(FlowJob.java:134) [spring-batch-core-3.0.6.RELEASE.jar:3.0.6.RELEASE]
	at org.springframework.batch.core.job.AbstractJob.execute(AbstractJob.java:306) [spring-batch-core-3.0.6.RELEASE.jar:3.0.6.RELEASE]
	at org.springframework.batch.core.launch.support.SimpleJobLauncher$1.run(SimpleJobLauncher.java:135) [spring-batch-core-3.0.6.RELEASE.jar:3.0.6.RELEASE]
	at org.springframework.core.task.SyncTaskExecutor.execute(SyncTaskExecutor.java:50) [spring-core-4.2.5.RELEASE.jar:4.2.5.RELEASE]
	at org.springframework.batch.core.launch.support.SimpleJobLauncher.run(SimpleJobLauncher.java:128) [spring-batch-core-3.0.6.RELEASE.jar:3.0.6.RELEASE]
	at sun.reflect.NativeMethodAccessorImpl.invoke0(Native Method) ~[na:1.8.0_202]
	at sun.reflect.NativeMethodAccessorImpl.invoke(NativeMethodAccessorImpl.java:62) ~[na:1.8.0_202]
	at sun.reflect.DelegatingMethodAccessorImpl.invoke(DelegatingMethodAccessorImpl.java:43) ~[na:1.8.0_202]
	at java.lang.reflect.Method.invoke(Method.java:498) ~[na:1.8.0_202]
	at org.springframework.aop.support.AopUtils.invokeJoinpointUsingReflection(AopUtils.java:302) [spring-aop-4.2.5.RELEASE.jar:4.2.5.RELEASE]
	at org.springframework.aop.framework.ReflectiveMethodInvocation.invokeJoinpoint(ReflectiveMethodInvocation.java:190) [spring-aop-4.2.5.RELEASE.jar:4.2.5.RELEASE]
	at org.springframework.aop.framework.ReflectiveMethodInvocation.proceed(ReflectiveMethodInvocation.java:157) [spring-aop-4.2.5.RELEASE.jar:4.2.5.RELEASE]
	at org.springframework.batch.core.configuration.annotation.SimpleBatchConfiguration$PassthruAdvice.invoke(SimpleBatchConfiguration.java:127) [spring-batch-core-3.0.6.RELEASE.jar:3.0.6.RELEASE]
	at org.springframework.aop.framework.ReflectiveMethodInvocation.proceed(ReflectiveMethodInvocation.java:179) [spring-aop-4.2.5.RELEASE.jar:4.2.5.RELEASE]
	at org.springframework.aop.framework.JdkDynamicAopProxy.invoke(JdkDynamicAopProxy.java:208) [spring-aop-4.2.5.RELEASE.jar:4.2.5.RELEASE]
	at com.sun.proxy.$Proxy36.run(Unknown Source) [na:na]
	at org.springframework.boot.autoconfigure.batch.JobLauncherCommandLineRunner.execute(JobLauncherCommandLineRunner.java:216) [spring-boot-autoconfigure-1.3.3.RELEASE.jar:1.3.3.RELEASE]
	at org.springframework.boot.autoconfigure.batch.JobLauncherCommandLineRunner.executeLocalJobs(JobLauncherCommandLineRunner.java:233) [spring-boot-autoconfigure-1.3.3.RELEASE.jar:1.3.3.RELEASE]
	at org.springframework.boot.autoconfigure.batch.JobLauncherCommandLineRunner.launchJobFromProperties(JobLauncherCommandLineRunner.java:125) [spring-boot-autoconfigure-1.3.3.RELEASE.jar:1.3.3.RELEASE]
	at org.springframework.boot.autoconfigure.batch.JobLauncherCommandLineRunner.run(JobLauncherCommandLineRunner.java:119) [spring-boot-autoconfigure-1.3.3.RELEASE.jar:1.3.3.RELEASE]
	at org.springframework.boot.SpringApplication.callRunner(SpringApplication.java:806) [spring-boot-1.3.3.RELEASE.jar:1.3.3.RELEASE]
	at org.springframework.boot.SpringApplication.callRunners(SpringApplication.java:790) [spring-boot-1.3.3.RELEASE.jar:1.3.3.RELEASE]
	at org.springframework.boot.SpringApplication.afterRefresh(SpringApplication.java:777) [spring-boot-1.3.3.RELEASE.jar:1.3.3.RELEASE]
	at org.springframework.boot.SpringApplication.run(SpringApplication.java:308) [spring-boot-1.3.3.RELEASE.jar:1.3.3.RELEASE]
	at org.springframework.boot.SpringApplication.run(SpringApplication.java:1191) [spring-boot-1.3.3.RELEASE.jar:1.3.3.RELEASE]
	at org.springframework.boot.SpringApplication.run(SpringApplication.java:1180) [spring-boot-1.3.3.RELEASE.jar:1.3.3.RELEASE]
	at org.infy.mail.batch.MailBatchApplicationStarter.main(MailBatchApplicationStarter.java:14) [classes/:na]
Caused by: org.springframework.batch.item.file.transform.IncorrectTokenCountException: Incorrect number of tokens found in record: expected 3 actual 0
	at org.springframework.batch.item.file.transform.AbstractLineTokenizer.tokenize(AbstractLineTokenizer.java:125) ~[spring-batch-infrastructure-3.0.6.RELEASE.jar:3.0.6.RELEASE]
	at org.springframework.batch.item.file.mapping.DefaultLineMapper.mapLine(DefaultLineMapper.java:43) ~[spring-batch-infrastructure-3.0.6.RELEASE.jar:3.0.6.RELEASE]
	at org.springframework.batch.item.file.FlatFileItemReader.doRead(FlatFileItemReader.java:180) ~[spring-batch-infrastructure-3.0.6.RELEASE.jar:3.0.6.RELEASE]
	... 51 common frames omitted

2020-06-12 09:45:19.070  INFO 10476 --- [main] o.s.b.c.l.support.SimpleJobLauncher      : Job: [FlowJob: [name=importUserJob]] completed with the following parameters: [{run.id=1}] and the following status: [FAILED]
2020-06-12 09:45:19.073  INFO 10476 --- [main] o.i.m.batch.MailBatchApplicationStarter  : Started MailBatchApplicationStarter in 15.411 seconds (JVM running for 15.97)
2020-06-12 09:45:19.075  INFO 10476 --- [Thread-6] s.c.a.AnnotationConfigApplicationContext : Closing org.springframework.context.annotation.AnnotationConfigApplicationContext@1ab82504: startup date [Fri Jun 12 09:45:04 IST 2020]; root of context hierarchy
2020-06-12 09:45:19.082  INFO 10476 --- [Thread-6] o.s.j.e.a.AnnotationMBeanExporter        : Unregistering JMX-exposed beans on shutdown
2020-06-12 09:45:19.086  INFO 10476 --- [Thread-6] o.s.j.d.e.EmbeddedDatabaseFactory        : Shutting down embedded database: url='jdbc:hsqldb:mem:testdb'
2020-06-12 09:46:13.335  INFO 49600 --- [main] o.i.m.batch.MailBatchApplicationStarter  : Starting MailBatchApplicationStarter on BLRKEC287992L with PID 49600 (started by samrat.basu01 in D:\samrat.basu01\D-Drive\eclipse workspace\notification-service)
2020-06-12 09:46:13.340  INFO 49600 --- [main] o.i.m.batch.MailBatchApplicationStarter  : The following profiles are active: nomailserver
2020-06-12 09:46:13.404  INFO 49600 --- [main] s.c.a.AnnotationConfigApplicationContext : Refreshing org.springframework.context.annotation.AnnotationConfigApplicationContext@255db75f: startup date [Fri Jun 12 09:46:13 IST 2020]; root of context hierarchy
2020-06-12 09:46:14.282  WARN 49600 --- [main] o.s.c.a.ConfigurationClassEnhancer       : @Bean method ScopeConfiguration.stepScope is non-static and returns an object assignable to Spring's BeanFactoryPostProcessor interface. This will result in a failure to process annotations such as @Autowired, @Resource and @PostConstruct within the method's declaring @Configuration class. Add the 'static' modifier to this method to avoid these container lifecycle issues; see @Bean javadoc for complete details.
2020-06-12 09:46:14.298  WARN 49600 --- [main] o.s.c.a.ConfigurationClassEnhancer       : @Bean method ScopeConfiguration.jobScope is non-static and returns an object assignable to Spring's BeanFactoryPostProcessor interface. This will result in a failure to process annotations such as @Autowired, @Resource and @PostConstruct within the method's declaring @Configuration class. Add the 'static' modifier to this method to avoid these container lifecycle issues; see @Bean javadoc for complete details.
2020-06-12 09:46:14.516  INFO 49600 --- [main] o.s.j.d.e.EmbeddedDatabaseFactory        : Starting embedded database: url='jdbc:hsqldb:mem:testdb', username='sa'
2020-06-12 09:46:15.440  INFO 49600 --- [main] o.s.jdbc.datasource.init.ScriptUtils     : Executing SQL script from class path resource [org/springframework/batch/core/schema-hsqldb.sql]
2020-06-12 09:46:15.460  INFO 49600 --- [main] o.s.jdbc.datasource.init.ScriptUtils     : Executed SQL script from class path resource [org/springframework/batch/core/schema-hsqldb.sql] in 20 ms.
2020-06-12 09:46:18.363  INFO 49600 --- [main] o.s.j.e.a.AnnotationMBeanExporter        : Registering beans for JMX exposure on startup
2020-06-12 09:46:18.385  INFO 49600 --- [main] o.s.b.a.b.JobLauncherCommandLineRunner   : Running default command line with: []
2020-06-12 09:46:18.396  INFO 49600 --- [main] o.s.b.c.r.s.JobRepositoryFactoryBean     : No database type set, using meta data indicating: HSQL
2020-06-12 09:46:18.519  INFO 49600 --- [main] o.s.b.c.l.support.SimpleJobLauncher      : No TaskExecutor has been set, defaulting to synchronous executor.
2020-06-12 09:46:18.574  INFO 49600 --- [main] o.s.b.c.l.support.SimpleJobLauncher      : Job: [FlowJob: [name=importUserJob]] launched with the following parameters: [{run.id=1}]
2020-06-12 09:46:22.145  INFO 49600 --- [main] o.s.batch.core.job.SimpleStepHandler     : Executing step: [step1]
2020-06-12 09:46:22.164  INFO 49600 --- [main] o.i.m.batch.EmployeeICountItemProcessor  : Notification Type : todo
2020-06-12 09:46:22.217  INFO 49600 --- [main] o.i.m.batch.EmployeeICountItemProcessor  : Preparing message for: samrat.basu01@infosys.com
2020-06-12 09:46:29.583  INFO 49600 --- [main] o.s.b.c.l.support.SimpleJobLauncher      : Job: [FlowJob: [name=importUserJob]] completed with the following parameters: [{run.id=1}] and the following status: [COMPLETED]
2020-06-12 09:46:29.587  INFO 49600 --- [main] o.i.m.batch.MailBatchApplicationStarter  : Started MailBatchApplicationStarter in 16.719 seconds (JVM running for 17.262)
2020-06-12 09:46:29.590  INFO 49600 --- [Thread-6] s.c.a.AnnotationConfigApplicationContext : Closing org.springframework.context.annotation.AnnotationConfigApplicationContext@255db75f: startup date [Fri Jun 12 09:46:13 IST 2020]; root of context hierarchy
2020-06-12 09:46:29.600  INFO 49600 --- [Thread-6] o.s.j.e.a.AnnotationMBeanExporter        : Unregistering JMX-exposed beans on shutdown
2020-06-12 09:46:29.608  INFO 49600 --- [Thread-6] o.s.j.d.e.EmbeddedDatabaseFactory        : Shutting down embedded database: url='jdbc:hsqldb:mem:testdb'
2020-06-12 09:56:57.166  INFO 52964 --- [main] o.i.m.batch.MailBatchApplicationStarter  : Starting MailBatchApplicationStarter v0.4.0-SNAPSHOT on BLRKEC287992L with PID 52964 (D:\samrat.basu01\D-Drive\eclipse workspace\notification-service\target\notification-service-0.4.0-SNAPSHOT.jar started by samrat.basu01 in D:\samrat.basu01\D-Drive\eclipse workspace\notification-service)
2020-06-12 09:56:57.177  INFO 52964 --- [main] o.i.m.batch.MailBatchApplicationStarter  : No active profile set, falling back to default profiles: default
2020-06-12 09:56:57.273  INFO 52964 --- [main] s.c.a.AnnotationConfigApplicationContext : Refreshing org.springframework.context.annotation.AnnotationConfigApplicationContext@aa5ced21: startup date [Fri Jun 12 09:56:57 IST 2020]; root of context hierarchy
2020-06-12 09:56:58.668  WARN 52964 --- [main] o.s.c.a.ConfigurationClassEnhancer       : @Bean method ScopeConfiguration.stepScope is non-static and returns an object assignable to Spring's BeanFactoryPostProcessor interface. This will result in a failure to process annotations such as @Autowired, @Resource and @PostConstruct within the method's declaring @Configuration class. Add the 'static' modifier to this method to avoid these container lifecycle issues; see @Bean javadoc for complete details.
2020-06-12 09:56:58.695  WARN 52964 --- [main] o.s.c.a.ConfigurationClassEnhancer       : @Bean method ScopeConfiguration.jobScope is non-static and returns an object assignable to Spring's BeanFactoryPostProcessor interface. This will result in a failure to process annotations such as @Autowired, @Resource and @PostConstruct within the method's declaring @Configuration class. Add the 'static' modifier to this method to avoid these container lifecycle issues; see @Bean javadoc for complete details.
2020-06-12 09:56:58.971  INFO 52964 --- [main] o.s.j.d.e.EmbeddedDatabaseFactory        : Starting embedded database: url='jdbc:hsqldb:mem:testdb', username='sa'
2020-06-12 09:56:59.908  INFO 52964 --- [main] o.s.ui.velocity.SpringResourceLoader     : SpringResourceLoader for Velocity: using resource loader [org.springframework.context.annotation.AnnotationConfigApplicationContext@aa5ced21: startup date [Fri Jun 12 09:56:57 IST 2020]; root of context hierarchy] and resource loader paths [classpath:/templates/]
2020-06-12 09:57:00.411  INFO 52964 --- [main] o.s.jdbc.datasource.init.ScriptUtils     : Executing SQL script from class path resource [org/springframework/batch/core/schema-hsqldb.sql]
2020-06-12 09:57:00.433  INFO 52964 --- [main] o.s.jdbc.datasource.init.ScriptUtils     : Executed SQL script from class path resource [org/springframework/batch/core/schema-hsqldb.sql] in 21 ms.
2020-06-12 09:57:03.672  INFO 52964 --- [main] o.s.j.e.a.AnnotationMBeanExporter        : Registering beans for JMX exposure on startup
2020-06-12 09:57:03.704  INFO 52964 --- [main] o.s.b.a.b.JobLauncherCommandLineRunner   : Running default command line with: [-notificationType=campaign]
2020-06-12 09:57:03.723  INFO 52964 --- [main] o.s.b.c.r.s.JobRepositoryFactoryBean     : No database type set, using meta data indicating: HSQL
2020-06-12 09:57:03.899  INFO 52964 --- [main] o.s.b.c.l.support.SimpleJobLauncher      : No TaskExecutor has been set, defaulting to synchronous executor.
2020-06-12 09:57:04.008  INFO 52964 --- [main] o.s.b.c.l.support.SimpleJobLauncher      : Job: [FlowJob: [name=importUserJob]] launched with the following parameters: [{run.id=1, notificationType=campaign}]
2020-06-12 09:57:07.886  INFO 52964 --- [main] o.s.batch.core.job.SimpleStepHandler     : Executing step: [step1]
2020-06-12 09:57:07.927  INFO 52964 --- [main] o.i.m.batch.EmployeeICountItemProcessor  : Notification Type : todo
2020-06-12 09:57:07.941  INFO 52964 --- [main] o.i.m.batch.EmployeeICountItemProcessor  : Preparing message for: samrat.basu01@infosys.com
2020-06-12 09:57:15.388  INFO 52964 --- [main] o.s.b.c.l.support.SimpleJobLauncher      : Job: [FlowJob: [name=importUserJob]] completed with the following parameters: [{run.id=1, notificationType=campaign}] and the following status: [COMPLETED]
2020-06-12 09:57:15.393  INFO 52964 --- [main] o.i.m.batch.MailBatchApplicationStarter  : Started MailBatchApplicationStarter in 18.818 seconds (JVM running for 19.944)
2020-06-12 09:57:15.396  INFO 52964 --- [Thread-7] s.c.a.AnnotationConfigApplicationContext : Closing org.springframework.context.annotation.AnnotationConfigApplicationContext@aa5ced21: startup date [Fri Jun 12 09:56:57 IST 2020]; root of context hierarchy
2020-06-12 09:57:15.406  INFO 52964 --- [Thread-7] o.s.j.e.a.AnnotationMBeanExporter        : Unregistering JMX-exposed beans on shutdown
2020-06-12 09:57:15.413  INFO 52964 --- [Thread-7] o.s.j.d.e.EmbeddedDatabaseFactory        : Shutting down embedded database: url='jdbc:hsqldb:mem:testdb'
2020-06-12 09:59:45.072  INFO 49492 --- [main] o.i.m.batch.MailBatchApplicationStarter  : Starting MailBatchApplicationStarter v0.4.0-SNAPSHOT on BLRKEC287992L with PID 49492 (D:\samrat.basu01\D-Drive\eclipse workspace\notification-service\target\notification-service-0.4.0-SNAPSHOT.jar started by samrat.basu01 in D:\samrat.basu01\D-Drive\eclipse workspace\notification-service)
2020-06-12 09:59:45.078  INFO 49492 --- [main] o.i.m.batch.MailBatchApplicationStarter  : No active profile set, falling back to default profiles: default
2020-06-12 09:59:45.157  INFO 49492 --- [main] s.c.a.AnnotationConfigApplicationContext : Refreshing org.springframework.context.annotation.AnnotationConfigApplicationContext@574ee02d: startup date [Fri Jun 12 09:59:45 IST 2020]; root of context hierarchy
2020-06-12 09:59:46.323  WARN 49492 --- [main] o.s.c.a.ConfigurationClassEnhancer       : @Bean method ScopeConfiguration.stepScope is non-static and returns an object assignable to Spring's BeanFactoryPostProcessor interface. This will result in a failure to process annotations such as @Autowired, @Resource and @PostConstruct within the method's declaring @Configuration class. Add the 'static' modifier to this method to avoid these container lifecycle issues; see @Bean javadoc for complete details.
2020-06-12 09:59:46.345  WARN 49492 --- [main] o.s.c.a.ConfigurationClassEnhancer       : @Bean method ScopeConfiguration.jobScope is non-static and returns an object assignable to Spring's BeanFactoryPostProcessor interface. This will result in a failure to process annotations such as @Autowired, @Resource and @PostConstruct within the method's declaring @Configuration class. Add the 'static' modifier to this method to avoid these container lifecycle issues; see @Bean javadoc for complete details.
2020-06-12 09:59:46.588  INFO 49492 --- [main] o.s.j.d.e.EmbeddedDatabaseFactory        : Starting embedded database: url='jdbc:hsqldb:mem:testdb', username='sa'
2020-06-12 09:59:47.340  INFO 49492 --- [main] o.s.ui.velocity.SpringResourceLoader     : SpringResourceLoader for Velocity: using resource loader [org.springframework.context.annotation.AnnotationConfigApplicationContext@574ee02d: startup date [Fri Jun 12 09:59:45 IST 2020]; root of context hierarchy] and resource loader paths [classpath:/templates/]
2020-06-12 09:59:47.721  INFO 49492 --- [main] o.s.jdbc.datasource.init.ScriptUtils     : Executing SQL script from class path resource [org/springframework/batch/core/schema-hsqldb.sql]
2020-06-12 09:59:47.735  INFO 49492 --- [main] o.s.jdbc.datasource.init.ScriptUtils     : Executed SQL script from class path resource [org/springframework/batch/core/schema-hsqldb.sql] in 13 ms.
2020-06-12 09:59:50.669  INFO 49492 --- [main] o.s.j.e.a.AnnotationMBeanExporter        : Registering beans for JMX exposure on startup
2020-06-12 09:59:50.695  INFO 49492 --- [main] o.s.b.a.b.JobLauncherCommandLineRunner   : Running default command line with: [--notificationType=campaign]
2020-06-12 09:59:50.733  INFO 49492 --- [main] o.s.b.c.r.s.JobRepositoryFactoryBean     : No database type set, using meta data indicating: HSQL
2020-06-12 09:59:51.176  INFO 49492 --- [main] o.s.b.c.l.support.SimpleJobLauncher      : No TaskExecutor has been set, defaulting to synchronous executor.
2020-06-12 09:59:51.236  INFO 49492 --- [main] o.s.b.c.l.support.SimpleJobLauncher      : Job: [FlowJob: [name=importUserJob]] launched with the following parameters: [{-notificationType=campaign, run.id=1}]
2020-06-12 09:59:54.881  INFO 49492 --- [main] o.s.batch.core.job.SimpleStepHandler     : Executing step: [step1]
2020-06-12 09:59:54.911  INFO 49492 --- [main] o.i.m.batch.EmployeeICountItemProcessor  : Notification Type : campaign
2020-06-12 09:59:54.929  INFO 49492 --- [main] o.i.m.batch.EmployeeICountItemProcessor  : Preparing message for: samrat.basu01@infosys.com
2020-06-12 10:00:02.651  INFO 49492 --- [main] o.s.b.c.l.support.SimpleJobLauncher      : Job: [FlowJob: [name=importUserJob]] completed with the following parameters: [{-notificationType=campaign, run.id=1}] and the following status: [COMPLETED]
2020-06-12 10:00:02.656  INFO 49492 --- [main] o.i.m.batch.MailBatchApplicationStarter  : Started MailBatchApplicationStarter in 18.073 seconds (JVM running for 18.936)
2020-06-12 10:00:02.659  INFO 49492 --- [Thread-7] s.c.a.AnnotationConfigApplicationContext : Closing org.springframework.context.annotation.AnnotationConfigApplicationContext@574ee02d: startup date [Fri Jun 12 09:59:45 IST 2020]; root of context hierarchy
2020-06-12 10:00:02.665  INFO 49492 --- [Thread-7] o.s.j.e.a.AnnotationMBeanExporter        : Unregistering JMX-exposed beans on shutdown
2020-06-12 10:00:02.669  INFO 49492 --- [Thread-7] o.s.j.d.e.EmbeddedDatabaseFactory        : Shutting down embedded database: url='jdbc:hsqldb:mem:testdb'
2020-06-12 10:14:04.603  INFO 11108 --- [main] o.i.m.batch.MailBatchApplicationStarter  : Starting MailBatchApplicationStarter v0.4.0-SNAPSHOT on BLRKEC287992L with PID 11108 (D:\samrat.basu01\D-Drive\eclipse workspace\notification-service\target\notification-service-0.4.0-SNAPSHOT.jar started by samrat.basu01 in D:\samrat.basu01\D-Drive\eclipse workspace\notification-service)
2020-06-12 10:14:04.609  INFO 11108 --- [main] o.i.m.batch.MailBatchApplicationStarter  : No active profile set, falling back to default profiles: default
2020-06-12 10:14:04.741  INFO 11108 --- [main] s.c.a.AnnotationConfigApplicationContext : Refreshing org.springframework.context.annotation.AnnotationConfigApplicationContext@ee9e2be7: startup date [Fri Jun 12 10:14:04 IST 2020]; root of context hierarchy
2020-06-12 10:14:05.755  WARN 11108 --- [main] o.s.c.a.ConfigurationClassEnhancer       : @Bean method ScopeConfiguration.stepScope is non-static and returns an object assignable to Spring's BeanFactoryPostProcessor interface. This will result in a failure to process annotations such as @Autowired, @Resource and @PostConstruct within the method's declaring @Configuration class. Add the 'static' modifier to this method to avoid these container lifecycle issues; see @Bean javadoc for complete details.
2020-06-12 10:14:05.779  WARN 11108 --- [main] o.s.c.a.ConfigurationClassEnhancer       : @Bean method ScopeConfiguration.jobScope is non-static and returns an object assignable to Spring's BeanFactoryPostProcessor interface. This will result in a failure to process annotations such as @Autowired, @Resource and @PostConstruct within the method's declaring @Configuration class. Add the 'static' modifier to this method to avoid these container lifecycle issues; see @Bean javadoc for complete details.
2020-06-12 10:14:06.005  INFO 11108 --- [main] o.s.j.d.e.EmbeddedDatabaseFactory        : Starting embedded database: url='jdbc:hsqldb:mem:testdb', username='sa'
2020-06-12 10:14:06.705  INFO 11108 --- [main] o.s.ui.velocity.SpringResourceLoader     : SpringResourceLoader for Velocity: using resource loader [org.springframework.context.annotation.AnnotationConfigApplicationContext@ee9e2be7: startup date [Fri Jun 12 10:14:04 IST 2020]; root of context hierarchy] and resource loader paths [classpath:/templates/]
2020-06-12 10:14:07.097  INFO 11108 --- [main] o.s.jdbc.datasource.init.ScriptUtils     : Executing SQL script from class path resource [org/springframework/batch/core/schema-hsqldb.sql]
2020-06-12 10:14:07.119  INFO 11108 --- [main] o.s.jdbc.datasource.init.ScriptUtils     : Executed SQL script from class path resource [org/springframework/batch/core/schema-hsqldb.sql] in 21 ms.
2020-06-12 10:14:10.328  INFO 11108 --- [main] o.s.j.e.a.AnnotationMBeanExporter        : Registering beans for JMX exposure on startup
2020-06-12 10:14:10.355  INFO 11108 --- [main] o.s.b.a.b.JobLauncherCommandLineRunner   : Running default command line with: [--notificationType=campaign]
2020-06-12 10:14:10.375  INFO 11108 --- [main] o.s.b.c.r.s.JobRepositoryFactoryBean     : No database type set, using meta data indicating: HSQL
2020-06-12 10:14:10.518  INFO 11108 --- [main] o.s.b.c.l.support.SimpleJobLauncher      : No TaskExecutor has been set, defaulting to synchronous executor.
2020-06-12 10:14:10.581  INFO 11108 --- [main] o.s.b.c.l.support.SimpleJobLauncher      : Job: [FlowJob: [name=importUserJob]] launched with the following parameters: [{-notificationType=campaign, run.id=1}]
2020-06-12 10:14:14.413  INFO 11108 --- [main] o.s.batch.core.job.SimpleStepHandler     : Executing step: [step1]
2020-06-12 10:14:14.444  INFO 11108 --- [main] o.i.m.batch.EmployeeICountItemProcessor  : Notification Type : campaign
2020-06-12 10:14:14.459  INFO 11108 --- [main] o.i.m.batch.EmployeeICountItemProcessor  : Preparing message for: samrat.basu01@infosys.com
2020-06-12 10:14:21.995  INFO 11108 --- [main] o.s.b.c.l.support.SimpleJobLauncher      : Job: [FlowJob: [name=importUserJob]] completed with the following parameters: [{-notificationType=campaign, run.id=1}] and the following status: [COMPLETED]
2020-06-12 10:14:22.002  INFO 11108 --- [main] o.i.m.batch.MailBatchApplicationStarter  : Started MailBatchApplicationStarter in 17.817 seconds (JVM running for 18.673)
2020-06-12 10:14:22.005  INFO 11108 --- [Thread-7] s.c.a.AnnotationConfigApplicationContext : Closing org.springframework.context.annotation.AnnotationConfigApplicationContext@ee9e2be7: startup date [Fri Jun 12 10:14:04 IST 2020]; root of context hierarchy
2020-06-12 10:14:22.015  INFO 11108 --- [Thread-7] o.s.j.e.a.AnnotationMBeanExporter        : Unregistering JMX-exposed beans on shutdown
2020-06-12 10:14:22.020  INFO 11108 --- [Thread-7] o.s.j.d.e.EmbeddedDatabaseFactory        : Shutting down embedded database: url='jdbc:hsqldb:mem:testdb'
2020-06-13 09:47:13.524  INFO 75968 --- [main] o.i.m.batch.MailBatchApplicationStarter  : Starting MailBatchApplicationStarter on BLRKEC287992L with PID 75968 (started by samrat.basu01 in D:\samrat.basu01\D-Drive\eclipse workspace\notification-service)
2020-06-13 09:47:13.528  INFO 75968 --- [main] o.i.m.batch.MailBatchApplicationStarter  : The following profiles are active: nomailserver
2020-06-13 09:47:13.616  INFO 75968 --- [main] s.c.a.AnnotationConfigApplicationContext : Refreshing org.springframework.context.annotation.AnnotationConfigApplicationContext@74fdddb2: startup date [Sat Jun 13 09:47:13 IST 2020]; root of context hierarchy
2020-06-13 09:47:15.507  WARN 75968 --- [main] o.s.c.a.ConfigurationClassEnhancer       : @Bean method ScopeConfiguration.stepScope is non-static and returns an object assignable to Spring's BeanFactoryPostProcessor interface. This will result in a failure to process annotations such as @Autowired, @Resource and @PostConstruct within the method's declaring @Configuration class. Add the 'static' modifier to this method to avoid these container lifecycle issues; see @Bean javadoc for complete details.
2020-06-13 09:47:15.528  WARN 75968 --- [main] o.s.c.a.ConfigurationClassEnhancer       : @Bean method ScopeConfiguration.jobScope is non-static and returns an object assignable to Spring's BeanFactoryPostProcessor interface. This will result in a failure to process annotations such as @Autowired, @Resource and @PostConstruct within the method's declaring @Configuration class. Add the 'static' modifier to this method to avoid these container lifecycle issues; see @Bean javadoc for complete details.
2020-06-13 09:47:15.795  INFO 75968 --- [main] o.s.j.d.e.EmbeddedDatabaseFactory        : Starting embedded database: url='jdbc:hsqldb:mem:testdb', username='sa'
2020-06-13 09:47:16.976  INFO 75968 --- [main] o.s.jdbc.datasource.init.ScriptUtils     : Executing SQL script from class path resource [org/springframework/batch/core/schema-hsqldb.sql]
2020-06-13 09:47:16.994  INFO 75968 --- [main] o.s.jdbc.datasource.init.ScriptUtils     : Executed SQL script from class path resource [org/springframework/batch/core/schema-hsqldb.sql] in 17 ms.
2020-06-13 09:47:20.830  INFO 75968 --- [main] o.s.j.e.a.AnnotationMBeanExporter        : Registering beans for JMX exposure on startup
2020-06-13 09:47:20.857  INFO 75968 --- [main] o.s.b.a.b.JobLauncherCommandLineRunner   : Running default command line with: []
2020-06-13 09:47:20.869  INFO 75968 --- [main] o.s.b.c.r.s.JobRepositoryFactoryBean     : No database type set, using meta data indicating: HSQL
2020-06-13 09:47:21.055  INFO 75968 --- [main] o.s.b.c.l.support.SimpleJobLauncher      : No TaskExecutor has been set, defaulting to synchronous executor.
2020-06-13 09:47:21.120  INFO 75968 --- [main] o.s.b.c.l.support.SimpleJobLauncher      : Job: [FlowJob: [name=importUserJob]] launched with the following parameters: [{run.id=1}]
2020-06-13 09:47:25.401  INFO 75968 --- [main] o.s.batch.core.job.SimpleStepHandler     : Executing step: [step1]
2020-06-13 09:47:25.428  INFO 75968 --- [main] o.i.m.batch.EmployeeICountItemProcessor  : Notification Type : todo
2020-06-13 09:47:25.436  INFO 75968 --- [main] o.i.m.batch.EmployeeICountItemProcessor  : Preparing message for: samrat.basu01@infosys.com
2020-06-13 09:47:33.025  INFO 75968 --- [main] o.s.b.c.l.support.SimpleJobLauncher      : Job: [FlowJob: [name=importUserJob]] completed with the following parameters: [{run.id=1}] and the following status: [COMPLETED]
2020-06-13 09:47:33.028  INFO 75968 --- [main] o.i.m.batch.MailBatchApplicationStarter  : Started MailBatchApplicationStarter in 20.329 seconds (JVM running for 21.124)
2020-06-13 09:47:33.031  INFO 75968 --- [Thread-6] s.c.a.AnnotationConfigApplicationContext : Closing org.springframework.context.annotation.AnnotationConfigApplicationContext@74fdddb2: startup date [Sat Jun 13 09:47:13 IST 2020]; root of context hierarchy
2020-06-13 09:47:33.038  INFO 75968 --- [Thread-6] o.s.j.e.a.AnnotationMBeanExporter        : Unregistering JMX-exposed beans on shutdown
2020-06-13 09:47:33.044  INFO 75968 --- [Thread-6] o.s.j.d.e.EmbeddedDatabaseFactory        : Shutting down embedded database: url='jdbc:hsqldb:mem:testdb'
